<?xml version="1.0" encoding="UTF-8"?>
<testsuite name="Registration on the EUNO platform." tests="1" skipped="0" failures="0" errors="0" timestamp="2020-05-08T12:25:50" hostname="3RO-PQVIS8FDX5L" time="24.308">
  <properties/>
  <testcase name="Registration on with non-corporate mail the platform" classname="Registration on the EUNO platform." time="24.308"/>
  <system-out><![CDATA[Este es el mensaje capturado: Lo sentimos, el correo electrónico ingresado no está autorizado para el registro.
]]></system-out>
  <system-err><![CDATA[[Test worker] INFO net.thucydides.core.steps.ConsoleLoggingListener - STARTING STEP Given that Damian is on the page the register euno
[Test worker] INFO net.thucydides.core.steps.ConsoleLoggingListener - STARTING STEP Damian opens the Euno home
may 08, 2020 7:25:50 AM org.openqa.selenium.remote.DesiredCapabilities chrome
INFORMACIÓN: Using `new ChromeOptions()` is preferred to `DesiredCapabilities.chrome()`
[1588940754.353][WARNING]: Timed out connecting to Chrome, retrying...
may 08, 2020 7:25:56 AM org.openqa.selenium.remote.ProtocolHandshake createSession
INFORMACIÓN: Detected dialect: OSS
[Test worker] INFO net.thucydides.core.steps.ConsoleLoggingListener - FINISHING STEP
[Test worker] INFO net.thucydides.core.steps.ConsoleLoggingListener - STARTING STEP Damian clicks on Link Register
[Test worker] INFO net.thucydides.core.steps.ConsoleLoggingListener - FINISHING STEP
[Test worker] INFO net.thucydides.core.steps.ConsoleLoggingListener - FINISHING STEP
[Test worker] INFO net.thucydides.core.steps.ConsoleLoggingListener - STARTING STEP When register with name damian, lastname vengoechea, document 12345678, email ldsdamian@hotmail.com,password 123456
[Test worker] INFO net.thucydides.core.steps.ConsoleLoggingListener - STARTING STEP Damian enters ' damian' into Email start sesion
[Test worker] INFO net.thucydides.core.steps.ConsoleLoggingListener - FINISHING STEP
[Test worker] INFO net.thucydides.core.steps.ConsoleLoggingListener - STARTING STEP Damian enters ' vengoechea' into Email start sesion
[Test worker] INFO net.thucydides.core.steps.ConsoleLoggingListener - FINISHING STEP
[Test worker] INFO net.thucydides.core.steps.ConsoleLoggingListener - STARTING STEP Damian enters ' 12345678' into Email start sesion
[Test worker] INFO net.thucydides.core.steps.ConsoleLoggingListener - FINISHING STEP
[Test worker] INFO net.thucydides.core.steps.ConsoleLoggingListener - STARTING STEP Damian enters ' ldsdamian@hotmail.com' into Email start sesion
[Test worker] INFO net.thucydides.core.steps.ConsoleLoggingListener - FINISHING STEP
[Test worker] INFO net.thucydides.core.steps.ConsoleLoggingListener - STARTING STEP Damian enters ' ldsdamian@hotmail.com' into Email start sesion
[Test worker] INFO net.thucydides.core.steps.ConsoleLoggingListener - FINISHING STEP
[Test worker] INFO net.thucydides.core.steps.ConsoleLoggingListener - STARTING STEP Damian enters '123456' into Email start sesion
[Test worker] INFO net.thucydides.core.steps.ConsoleLoggingListener - FINISHING STEP
[Test worker] INFO net.thucydides.core.steps.ConsoleLoggingListener - STARTING STEP Damian enters '123456' into Email start sesion
[Test worker] INFO net.thucydides.core.steps.ConsoleLoggingListener - FINISHING STEP
[Test worker] INFO net.thucydides.core.steps.ConsoleLoggingListener - STARTING STEP Damian clicks on Check I agree
[Test worker] INFO net.thucydides.core.steps.ConsoleLoggingListener - FINISHING STEP
[Test worker] INFO net.thucydides.core.steps.ConsoleLoggingListener - STARTING STEP Damian clicks on Button login
[Test worker] INFO net.thucydides.core.steps.ConsoleLoggingListener - FINISHING STEP
[Test worker] INFO net.thucydides.core.steps.ConsoleLoggingListener - STARTING STEP Then Message result to register should be an element that is visible
[Test worker] INFO net.thucydides.core.steps.ConsoleLoggingListener - FINISHING STEP
[Test worker] INFO net.thucydides.core.steps.ConsoleLoggingListener - FINISHING STEP
[Test worker] INFO net.thucydides.core.steps.ConsoleLoggingListener - STARTING STEP Then the log message should be Lo sentimos, el correo electrónico ingresado no está autorizado para el registro.
[Test worker] INFO net.thucydides.core.steps.ConsoleLoggingListener - STARTING STEP Then register should be 'Lo sentimos, el correo electr&oacute;nico ingresado no est&aacute; autorizado para el registro.'
[Test worker] INFO net.thucydides.core.steps.ConsoleLoggingListener - FINISHING STEP
[Test worker] INFO net.thucydides.core.steps.ConsoleLoggingListener - FINISHING STEP
[Test worker] INFO net.thucydides.core.steps.ConsoleLoggingListener - ?[92m
        __    _____ _____ ____ _____   ____   _    ____  ____  _____ ____  
  _     \ \  |_   _| ____/ ___|_   _| |  _ \ / \  / ___|/ ___|| ____|  _ \ 
 (_)_____| |   | | |  _| \___ \ | |   | |_) / _ \ \___ \\___ \|  _| | | | |
  _|_____| |   | | | |___ ___) || |   |  __/ ___ \ ___) |___) | |___| |_| |
 (_)     | |   |_| |_____|____/ |_|   |_| /_/   \_\____/|____/|_____|____/ 
        /_/                                                                

TEST PASSED: Registration on with non-corporate mail the platform
----------------------------------------------------------------------------?[0m
]]></system-err>
</testsuite>
