<?xml version="1.0" encoding="UTF-8"?>
<testsuite name="Start sesion on the EUNO platform." tests="1" skipped="0" failures="0" errors="0" timestamp="2020-05-08T12:04:15" hostname="3RO-PQVIS8FDX5L" time="15.445">
  <properties/>
  <testcase name="wrong email and password" classname="Start sesion on the EUNO platform." time="15.445"/>
  <system-out><![CDATA[Este es el mensaje capturado: Usuario o contraseña invalidos
]]></system-out>
  <system-err><![CDATA[[Test worker] INFO net.thucydides.core.steps.ConsoleLoggingListener - STARTING STEP Given that Damian is on the page euno
[Test worker] INFO net.thucydides.core.steps.ConsoleLoggingListener - STARTING STEP Damian opens the Euno home
may 08, 2020 7:04:16 AM org.openqa.selenium.remote.DesiredCapabilities chrome
INFORMACIÓN: Using `new ChromeOptions()` is preferred to `DesiredCapabilities.chrome()`
Starting ChromeDriver 2.39.562718 (9a2698cba08cf5a471a29d30c8b3e12becabb0e9) on port 3462
Only local connections are allowed.
[1588939461.784][WARNING]: Timed out connecting to Chrome, retrying...
may 08, 2020 7:04:23 AM org.openqa.selenium.remote.ProtocolHandshake createSession
INFORMACIÓN: Detected dialect: OSS
[Test worker] INFO net.thucydides.core.steps.ConsoleLoggingListener - FINISHING STEP
[Test worker] INFO net.thucydides.core.steps.ConsoleLoggingListener - FINISHING STEP
[Test worker] INFO net.thucydides.core.steps.ConsoleLoggingListener - STARTING STEP When start sesion with email ldsdamian@hotmail.com, pass 123456789
[Test worker] INFO net.thucydides.core.steps.ConsoleLoggingListener - STARTING STEP Damian enters 'ldsdamian@hotmail.com' into Email start sesion
[Test worker] INFO net.thucydides.core.steps.ConsoleLoggingListener - FINISHING STEP
[Test worker] INFO net.thucydides.core.steps.ConsoleLoggingListener - STARTING STEP Damian enters '123456789' into Pass start sesion
[Test worker] INFO net.thucydides.core.steps.ConsoleLoggingListener - FINISHING STEP
[Test worker] INFO net.thucydides.core.steps.ConsoleLoggingListener - STARTING STEP Damian clicks on Button start sesion
[Test worker] INFO net.thucydides.core.steps.ConsoleLoggingListener - FINISHING STEP
[Test worker] INFO net.thucydides.core.steps.ConsoleLoggingListener - FINISHING STEP
[Test worker] INFO net.thucydides.core.steps.ConsoleLoggingListener - STARTING STEP Then the reply message will be Usuario o contraseña invalidos
[Test worker] INFO net.thucydides.core.steps.ConsoleLoggingListener - STARTING STEP Then start sesion fail should be 'Usuario o contrase&ntilde;a invalidos'
[Test worker] INFO net.thucydides.core.steps.ConsoleLoggingListener - FINISHING STEP
[Test worker] INFO net.thucydides.core.steps.ConsoleLoggingListener - FINISHING STEP
[Test worker] INFO net.thucydides.core.steps.ConsoleLoggingListener - ?[92m
        __    _____ _____ ____ _____   ____   _    ____  ____  _____ ____  
  _     \ \  |_   _| ____/ ___|_   _| |  _ \ / \  / ___|/ ___|| ____|  _ \ 
 (_)_____| |   | | |  _| \___ \ | |   | |_) / _ \ \___ \\___ \|  _| | | | |
  _|_____| |   | | | |___ ___) || |   |  __/ ___ \ ___) |___) | |___| |_| |
 (_)     | |   |_| |_____|____/ |_|   |_| /_/   \_\____/|____/|_____|____/ 
        /_/                                                                

TEST PASSED: wrong email and password
----------------------------------------------------------------------------?[0m
]]></system-err>
</testsuite>
